TN:
SF:src/app.ts
FN:18,req
FN:25,res
FNF:2
FNH:2
FNDA:156,req
FNDA:156,res
DA:9,12
DA:12,12
DA:14,12
DA:19,156
DA:26,156
DA:33,12
DA:34,12
DA:35,12
DA:38,12
DA:42,12
DA:46,12
LF:11
LH:11
BRF:0
BRH:0
end_of_record
TN:
SF:src/lib/audit.ts
FN:14,logAudit
FN:28,(anonymous_1)
FNF:2
FNH:2
FNDA:43,logAudit
FNDA:43,(anonymous_1)
DA:22,43
DA:23,43
DA:28,43
DA:29,43
DA:30,43
DA:41,26
LF:6
LH:6
BRDA:23,0,0,0
BRDA:23,0,1,43
BRDA:36,1,0,43
BRDA:36,1,1,14
BRDA:37,2,0,43
BRDA:37,2,1,1
BRF:6
BRH:5
end_of_record
TN:
SF:src/lib/auth.ts
FN:108,getMsalClient
FN:124,(anonymous_1)
FN:152,createSessionStore
FN:188,extractRole
FN:197,buildSessionUser
FN:221,requireAuth
FN:246,requireRole
FN:248,(anonymous_7)
FNF:8
FNH:4
FNDA:0,getMsalClient
FNDA:0,(anonymous_1)
FNDA:17,createSessionStore
FNDA:0,extractRole
FNDA:0,buildSessionUser
FNDA:154,requireAuth
FNDA:123,requireRole
FNDA:111,(anonymous_7)
DA:45,19
DA:47,19
DA:49,19
DA:58,20
DA:62,20
DA:63,2
DA:64,1
DA:71,1
DA:72,1
DA:77,0
DA:78,0
DA:86,17
DA:87,15
DA:96,17
DA:106,17
DA:109,0
DA:110,0
DA:111,0
DA:131,0
DA:134,17
DA:150,17
DA:153,17
DA:154,17
DA:155,17
DA:162,0
DA:167,17
DA:182,20
DA:191,0
DA:192,0
DA:193,0
DA:194,0
DA:198,0
DA:199,0
DA:226,154
DA:227,152
DA:228,152
DA:231,2
DA:232,1
DA:235,1
DA:238,1
DA:239,1
DA:247,123
DA:248,123
DA:249,111
DA:250,111
DA:251,1
DA:254,1
DA:256,110
DA:257,111
DA:258,3
DA:261,3
DA:263,107
LF:52
LH:39
BRDA:50,0,0,19
BRDA:50,0,1,3
BRDA:50,0,2,3
BRDA:50,0,3,3
BRDA:58,1,0,20
BRDA:58,1,1,17
BRDA:62,2,0,2
BRDA:62,2,1,18
BRDA:63,3,0,1
BRDA:63,3,1,1
BRDA:71,4,0,1
BRDA:71,4,1,0
BRDA:77,5,0,0
BRDA:77,5,1,0
BRDA:86,6,0,15
BRDA:86,6,1,2
BRDA:109,7,0,0
BRDA:109,7,1,0
BRDA:110,8,0,0
BRDA:110,8,1,0
BRDA:153,9,0,17
BRDA:153,9,1,0
BRDA:168,10,0,17
BRDA:168,10,1,0
BRDA:191,11,0,0
BRDA:191,11,1,0
BRDA:192,12,0,0
BRDA:192,12,1,0
BRDA:193,13,0,0
BRDA:193,13,1,0
BRDA:198,14,0,0
BRDA:198,14,1,0
BRDA:202,15,0,0
BRDA:202,15,1,0
BRDA:202,15,2,0
BRDA:204,16,0,0
BRDA:204,16,1,0
BRDA:204,16,2,0
BRDA:226,17,0,152
BRDA:226,17,1,2
BRDA:231,18,0,1
BRDA:231,18,1,1
BRDA:250,19,0,1
BRDA:250,19,1,110
BRDA:256,20,0,110
BRDA:256,20,1,0
BRDA:257,21,0,3
BRDA:257,21,1,108
BRF:48
BRH:24
end_of_record
TN:
SF:src/lib/geocodeBackfill.ts
FN:16,backfillPeople
FN:42,backfillEvents
FN:72,startGeocodeBackfill
FN:74,(anonymous_3)
FN:75,(anonymous_4)
FNF:5
FNH:0
FNDA:0,backfillPeople
FNDA:0,backfillEvents
FNDA:0,startGeocodeBackfill
FNDA:0,(anonymous_3)
FNDA:0,(anonymous_4)
DA:17,0
DA:22,0
DA:24,0
DA:26,0
DA:27,0
DA:28,0
DA:29,0
DA:33,0
DA:35,0
DA:39,0
DA:43,0
DA:48,0
DA:50,0
DA:52,0
DA:53,0
DA:54,0
DA:55,0
DA:59,0
DA:61,0
DA:65,0
DA:73,0
DA:74,0
DA:75,0
LF:23
LH:0
BRDA:22,0,0,0
BRDA:22,0,1,0
BRDA:31,1,0,0
BRDA:31,1,1,0
BRDA:31,2,0,0
BRDA:31,2,1,0
BRDA:48,3,0,0
BRDA:48,3,1,0
BRDA:57,4,0,0
BRDA:57,4,1,0
BRDA:57,5,0,0
BRDA:57,5,1,0
BRF:12
BRH:0
end_of_record
TN:
SF:src/lib/geocoding.ts
FN:18,schedule
FN:19,(anonymous_1)
FN:20,(anonymous_2)
FN:20,(anonymous_3)
FN:20,(anonymous_4)
FN:23,(anonymous_5)
FN:24,(anonymous_6)
FN:29,nominatim
FN:53,geocodeCity
FN:56,(anonymous_9)
FNF:10
FNH:9
FNDA:3,schedule
FNDA:3,(anonymous_1)
FNDA:3,(anonymous_2)
FNDA:3,(anonymous_3)
FNDA:3,(anonymous_4)
FNDA:3,(anonymous_5)
FNDA:0,(anonymous_6)
FNDA:3,nominatim
FNDA:3,geocodeCity
FNDA:3,(anonymous_9)
DA:9,11
DA:16,11
DA:19,3
DA:20,3
DA:22,3
DA:23,3
DA:24,0
DA:26,3
DA:30,3
DA:31,3
DA:32,3
DA:38,3
DA:39,3
DA:40,3
DA:45,0
DA:54,3
DA:55,3
DA:56,3
LF:18
LH:16
BRDA:39,0,0,3
BRDA:39,0,1,0
BRDA:55,1,0,0
BRDA:55,1,1,3
BRF:4
BRH:2
end_of_record
TN:
SF:src/lib/graph.ts
FN:38,getGraphAccessToken
FN:64,graphFetch
FN:97,createOutlookCalendarEvent
FN:117,(anonymous_3)
FN:129,(anonymous_4)
FN:148,cancelOutlookCalendarEvent
FN:162,(anonymous_6)
FN:191,createTeamsMeeting
FN:206,(anonymous_8)
FN:236,cancelTeamsMeeting
FN:247,(anonymous_10)
FNF:11
FNH:0
FNDA:0,getGraphAccessToken
FNDA:0,graphFetch
FNDA:0,createOutlookCalendarEvent
FNDA:0,(anonymous_3)
FNDA:0,(anonymous_4)
FNDA:0,cancelOutlookCalendarEvent
FNDA:0,(anonymous_6)
FNDA:0,createTeamsMeeting
FNDA:0,(anonymous_8)
FNDA:0,cancelTeamsMeeting
FNDA:0,(anonymous_10)
DA:18,10
DA:25,10
DA:39,0
DA:41,0
DA:42,0
DA:44,0
DA:45,0
DA:46,0
DA:47,0
DA:48,0
DA:50,0
DA:55,0
DA:57,0
DA:58,0
DA:69,0
DA:101,0
DA:102,0
DA:108,0
DA:109,0
DA:112,0
DA:113,0
DA:116,0
DA:117,0
DA:123,0
DA:128,0
DA:129,0
DA:130,0
DA:133,0
DA:136,0
DA:137,0
DA:139,0
DA:140,0
DA:152,0
DA:153,0
DA:161,0
DA:162,0
DA:163,0
DA:168,0
DA:195,0
DA:196,0
DA:205,0
DA:206,0
DA:207,0
DA:210,0
DA:213,0
DA:218,0
DA:220,0
DA:221,0
DA:222,0
DA:225,0
DA:227,0
DA:228,0
DA:240,0
DA:241,0
DA:246,0
DA:247,0
DA:248,0
DA:253,0
LF:58
LH:2
BRDA:39,0,0,0
BRDA:39,0,1,0
BRDA:42,1,0,0
BRDA:42,1,1,0
BRDA:48,2,0,0
BRDA:48,2,1,0
BRDA:55,3,0,0
BRDA:55,3,1,0
BRDA:74,4,0,0
BRDA:74,4,1,0
BRDA:108,5,0,0
BRDA:108,5,1,0
BRDA:112,6,0,0
BRDA:112,6,1,0
BRDA:116,7,0,0
BRDA:116,7,1,0
BRDA:116,8,0,0
BRDA:116,8,1,0
BRDA:128,9,0,0
BRDA:128,9,1,0
BRDA:137,10,0,0
BRDA:137,10,1,0
BRDA:161,11,0,0
BRDA:161,11,1,0
BRDA:205,12,0,0
BRDA:205,12,1,0
BRDA:218,13,0,0
BRDA:218,13,1,0
BRDA:220,14,0,0
BRDA:220,14,1,0
BRDA:220,15,0,0
BRDA:220,15,1,0
BRDA:246,16,0,0
BRDA:246,16,1,0
BRDA:246,17,0,0
BRDA:246,17,1,0
BRF:36
BRH:0
end_of_record
TN:
SF:src/lib/logger.ts
FNF:0
FNH:0
DA:3,12
DA:5,12
LF:2
LH:2
BRDA:6,0,0,12
BRDA:6,0,1,12
BRDA:12,1,0,0
BRDA:12,1,1,12
BRF:4
BRH:3
end_of_record
TN:
SF:src/lib/msal-cache.ts
FN:49,getKey
FN:57,encryptCache
FN:67,decryptCache
FN:103,mergeMsalCacheJson
FN:128,(anonymous_4)
FN:155,beforeCacheAccess
FN:159,(anonymous_6)
FN:181,afterCacheAccess
FN:198,_persistWithRetry
FN:235,_tryInsert
FN:244,_tryUpdate
FNF:11
FNH:11
FNDA:36,getKey
FNDA:22,encryptCache
FNDA:14,decryptCache
FNDA:6,mergeMsalCacheJson
FNDA:42,(anonymous_4)
FNDA:14,beforeCacheAccess
FNDA:14,(anonymous_6)
FNDA:14,afterCacheAccess
FNDA:9,_persistWithRetry
FNDA:8,_tryInsert
FNDA:5,_tryUpdate
DA:43,20
DA:44,20
DA:45,20
DA:46,20
DA:50,36
DA:51,1
DA:52,1
DA:53,1
DA:54,1
DA:58,22
DA:59,22
DA:60,22
DA:61,22
DA:62,22
DA:64,22
DA:68,14
DA:69,14
DA:70,14
DA:71,13
DA:72,13
DA:73,13
DA:74,13
DA:75,13
DA:76,13
DA:85,20
DA:106,6
DA:107,6
DA:108,6
DA:111,1
DA:114,5
DA:115,5
DA:116,25
DA:117,25
DA:118,25
DA:120,21
DA:125,5
DA:128,42
DA:129,5
DA:130,0
DA:134,5
DA:139,20
DA:149,14
DA:150,14
DA:151,14
DA:158,14
DA:159,14
DA:160,14
DA:161,14
DA:163,14
DA:164,14
DA:169,13
DA:170,4
DA:171,4
DA:173,9
DA:176,1
DA:177,1
DA:182,14
DA:183,14
DA:184,9
DA:187,2
DA:190,14
DA:191,14
DA:192,14
DA:199,9
DA:200,13
DA:201,13
DA:202,13
DA:204,13
DA:208,11
DA:215,4
DA:220,4
DA:221,3
DA:223,3
DA:225,3
DA:226,3
DA:228,1
DA:232,0
DA:236,8
DA:241,6
DA:245,5
DA:255,5
LF:81
LH:79
BRDA:50,0,0,35
BRDA:50,0,1,1
BRDA:52,1,0,0
BRDA:52,1,1,1
BRDA:70,2,0,1
BRDA:70,2,1,13
BRDA:116,3,0,25
BRDA:116,3,1,4
BRDA:117,4,0,25
BRDA:117,4,1,4
BRDA:118,5,0,21
BRDA:118,5,1,4
BRDA:118,6,0,25
BRDA:118,6,1,4
BRDA:130,7,0,0
BRDA:130,7,1,0
BRDA:169,8,0,4
BRDA:169,8,1,9
BRDA:183,9,0,9
BRDA:183,9,1,5
BRDA:198,10,0,9
BRDA:202,11,0,13
BRDA:202,11,1,0
BRDA:204,12,0,8
BRDA:204,12,1,5
BRDA:208,13,0,7
BRDA:208,13,1,4
BRDA:220,14,0,3
BRDA:220,14,1,1
BRF:29
BRH:25
end_of_record
TN:
SF:src/lib/settings-store.ts
FN:20,seedDefaults
FN:33,getSetting
FN:44,getTouchpointThresholdDays
FNF:3
FNH:3
FNDA:12,seedDefaults
FNDA:6,getSetting
FNDA:6,getTouchpointThresholdDays
DA:10,12
DA:21,12
DA:22,14
DA:34,6
DA:38,6
DA:45,6
DA:46,6
DA:47,6
LF:8
LH:8
BRDA:38,0,0,6
BRDA:38,0,1,6
BRDA:38,0,2,0
BRDA:47,1,0,6
BRDA:47,1,1,0
BRDA:47,2,0,6
BRDA:47,2,1,6
BRF:7
BRH:5
end_of_record
TN:
SF:src/lib/suggestion-logic.ts
FN:26,isSameState
FN:34,isSameCity
FN:42,needsVirtualTouchpoint
FN:50,sortByEventGap
FN:64,sortByTouchpointGap
FN:79,filterNearbyStaff
FN:85,(anonymous_6)
FNF:7
FNH:7
FNDA:24,isSameState
FNDA:6,isSameCity
FNDA:8,needsVirtualTouchpoint
FNDA:11,sortByEventGap
FNDA:11,sortByTouchpointGap
FNDA:7,filterNearbyStaff
FNDA:31,(anonymous_6)
DA:8,13
DA:27,24
DA:35,6
DA:43,8
DA:54,11
DA:55,10
DA:56,8
DA:57,5
DA:68,11
DA:69,10
DA:70,8
DA:71,5
DA:84,7
DA:86,31
LF:14
LH:14
BRDA:43,0,0,8
BRDA:43,0,1,7
BRDA:54,1,0,1
BRDA:54,1,1,10
BRDA:54,2,0,11
BRDA:54,2,1,3
BRDA:55,3,0,2
BRDA:55,3,1,8
BRDA:56,4,0,3
BRDA:56,4,1,5
BRDA:68,5,0,1
BRDA:68,5,1,10
BRDA:68,6,0,11
BRDA:68,6,1,3
BRDA:69,7,0,2
BRDA:69,7,1,8
BRDA:70,8,0,3
BRDA:70,8,1,5
BRDA:86,9,0,31
BRDA:86,9,1,19
BRDA:86,9,2,11
BRF:21
BRH:21
end_of_record
TN:
SF:src/routes/auditLog.ts
FN:12,(anonymous_0)
FNF:1
FNH:0
FNDA:0,(anonymous_0)
DA:6,12
DA:12,12
DA:13,0
DA:14,0
DA:15,0
DA:16,0
DA:17,0
DA:18,0
DA:19,0
DA:21,0
DA:22,0
DA:23,0
DA:26,0
DA:42,0
DA:46,0
LF:15
LH:2
BRDA:13,0,0,0
BRDA:13,0,1,0
BRDA:14,1,0,0
BRDA:14,1,1,0
BRDA:15,2,0,0
BRDA:15,2,1,0
BRDA:15,3,0,0
BRDA:15,3,1,0
BRDA:16,4,0,0
BRDA:16,4,1,0
BRDA:16,5,0,0
BRDA:16,5,1,0
BRDA:16,5,2,0
BRDA:17,6,0,0
BRDA:17,6,1,0
BRDA:18,7,0,0
BRDA:18,7,1,0
BRDA:22,8,0,0
BRDA:22,8,1,0
BRDA:23,9,0,0
BRDA:23,9,1,0
BRDA:26,10,0,0
BRDA:26,10,1,0
BRDA:42,11,0,0
BRDA:42,11,1,0
BRF:25
BRH:0
end_of_record
TN:
SF:src/routes/auth.ts
FN:14,getFrontendOrigin
FN:26,generateState
FN:36,validateCallbackState
FN:50,(anonymous_3)
FN:64,(anonymous_4)
FN:84,(anonymous_5)
FN:97,(anonymous_6)
FN:142,(anonymous_7)
FN:161,(anonymous_8)
FN:162,(anonymous_9)
FNF:10
FNH:6
FNDA:2,getFrontendOrigin
FNDA:0,generateState
FNDA:4,validateCallbackState
FNDA:1,(anonymous_3)
FNDA:1,(anonymous_4)
FNDA:0,(anonymous_5)
FNDA:0,(anonymous_6)
FNDA:0,(anonymous_7)
FNDA:1,(anonymous_8)
FNDA:1,(anonymous_9)
DA:12,13
DA:15,2
DA:16,0
DA:17,0
DA:22,2
DA:27,0
DA:40,4
DA:41,1
DA:43,3
DA:44,2
DA:46,1
DA:50,13
DA:51,1
DA:53,1
DA:54,1
DA:56,0
DA:57,0
DA:58,0
DA:60,0
DA:64,13
DA:65,1
DA:67,1
DA:68,1
DA:71,0
DA:72,0
DA:75,0
DA:77,0
DA:84,0
DA:85,0
DA:86,0
DA:87,0
DA:89,0
DA:92,0
DA:97,13
DA:98,0
DA:99,0
DA:100,0
DA:103,0
DA:108,0
DA:109,0
DA:112,0
DA:115,0
DA:116,0
DA:117,0
DA:121,0
DA:122,0
DA:123,0
DA:124,0
DA:127,0
DA:128,0
DA:134,0
DA:135,0
DA:136,0
DA:139,0
DA:142,0
DA:143,0
DA:144,0
DA:145,0
DA:147,0
DA:150,0
DA:151,0
DA:154,0
DA:161,13
DA:162,1
DA:163,1
DA:165,1
DA:166,0
DA:168,0
DA:170,0
DA:172,1
LF:70
LH:22
BRDA:15,0,0,0
BRDA:15,0,1,2
BRDA:40,1,0,1
BRDA:40,1,1,3
BRDA:43,2,0,2
BRDA:43,2,1,1
BRDA:43,3,0,3
BRDA:43,3,1,2
BRDA:51,4,0,1
BRDA:51,4,1,0
BRDA:56,5,0,0
BRDA:56,5,1,0
BRDA:65,6,0,1
BRDA:65,6,1,0
BRDA:67,7,0,1
BRDA:67,7,1,1
BRDA:85,8,0,0
BRDA:85,8,1,0
BRDA:98,9,0,0
BRDA:98,9,1,0
BRDA:99,10,0,0
BRDA:99,10,1,0
BRDA:108,11,0,0
BRDA:108,11,1,0
BRDA:111,12,0,0
BRDA:111,12,1,0
BRDA:115,13,0,0
BRDA:115,13,1,0
BRDA:122,14,0,0
BRDA:122,14,1,0
BRDA:134,15,0,0
BRDA:134,15,1,0
BRDA:143,16,0,0
BRDA:143,16,1,0
BRDA:151,17,0,0
BRDA:151,17,1,0
BRDA:163,18,0,1
BRDA:163,18,1,1
BRDA:165,19,0,0
BRDA:165,19,1,1
BRDA:165,20,0,1
BRDA:165,20,1,0
BRF:42
BRH:15
end_of_record
TN:
SF:src/routes/dashboard.ts
FN:15,getDaysSinceLastTouchpoint
FN:22,(anonymous_1)
FN:22,(anonymous_2)
FN:29,(anonymous_3)
FN:37,(anonymous_4)
FN:38,(anonymous_5)
FN:48,(anonymous_6)
FN:53,(anonymous_7)
FN:55,(anonymous_8)
FN:56,(anonymous_9)
FN:57,(anonymous_10)
FN:61,(anonymous_11)
FN:63,(anonymous_12)
FN:66,(anonymous_13)
FN:67,(anonymous_14)
FN:104,(anonymous_15)
FN:105,(anonymous_16)
FN:145,(anonymous_17)
FN:150,(anonymous_18)
FN:151,(anonymous_19)
FN:157,(anonymous_20)
FNF:21
FNH:12
FNDA:3,getDaysSinceLastTouchpoint
FNDA:0,(anonymous_1)
FNDA:0,(anonymous_2)
FNDA:0,(anonymous_3)
FNDA:0,(anonymous_4)
FNDA:0,(anonymous_5)
FNDA:4,(anonymous_6)
FNDA:0,(anonymous_7)
FNDA:1,(anonymous_8)
FNDA:1,(anonymous_9)
FNDA:1,(anonymous_10)
FNDA:1,(anonymous_11)
FNDA:1,(anonymous_12)
FNDA:1,(anonymous_13)
FNDA:1,(anonymous_14)
FNDA:0,(anonymous_15)
FNDA:0,(anonymous_16)
FNDA:0,(anonymous_17)
FNDA:12,(anonymous_18)
FNDA:3,(anonymous_19)
FNDA:1,(anonymous_20)
DA:13,12
DA:16,3
DA:22,3
DA:24,3
DA:29,3
DA:30,3
DA:31,3
DA:32,0
DA:36,0
DA:37,0
DA:38,0
DA:41,3
DA:42,3
DA:44,0
DA:45,0
DA:48,12
DA:49,4
DA:50,4
DA:52,4
DA:53,4
DA:55,4
DA:56,4
DA:57,4
DA:60,4
DA:61,4
DA:62,4
DA:63,1
DA:65,4
DA:66,1
DA:67,1
DA:71,4
DA:83,4
DA:89,4
DA:101,4
DA:103,4
DA:104,1
DA:105,1
DA:106,1
DA:107,0
DA:115,1
DA:125,4
DA:126,0
DA:135,4
DA:136,0
DA:145,4
DA:148,4
DA:149,4
DA:151,12
DA:152,12
DA:153,12
DA:154,1
DA:155,1
DA:157,12
DA:158,1
DA:159,1
DA:161,12
DA:165,4
LF:57
LH:48
BRDA:31,0,0,0
BRDA:31,0,1,3
BRDA:37,1,0,0
BRDA:37,1,1,0
BRDA:42,2,0,3
BRDA:42,2,1,0
BRDA:66,3,0,1
BRDA:66,3,1,0
BRDA:106,4,0,0
BRDA:106,4,1,1
BRDA:109,5,0,0
BRDA:109,5,1,0
BRDA:109,6,0,0
BRDA:109,6,1,0
BRDA:111,7,0,0
BRDA:111,7,1,0
BRDA:112,8,0,0
BRDA:112,8,1,0
BRDA:117,9,0,1
BRDA:117,9,1,1
BRDA:117,10,0,1
BRDA:117,10,1,1
BRDA:119,11,0,1
BRDA:119,11,1,1
BRDA:120,12,0,1
BRDA:120,12,1,1
BRDA:155,13,0,0
BRDA:155,13,1,1
BRDA:155,14,0,1
BRDA:155,14,1,0
BRF:30
BRH:14
end_of_record
TN:
SF:src/routes/events.ts
FN:29,(anonymous_0)
FN:32,eventWithCounts
FN:47,(anonymous_2)
FN:51,(anonymous_3)
FN:77,(anonymous_4)
FN:100,(anonymous_5)
FN:116,(anonymous_6)
FN:166,(anonymous_7)
FN:184,(anonymous_8)
FN:215,(anonymous_9)
FN:274,(anonymous_10)
FN:287,(anonymous_11)
FN:298,(anonymous_12)
FN:311,(anonymous_13)
FN:314,(anonymous_14)
FN:349,(anonymous_15)
FNF:16
FNH:10
FNDA:1,(anonymous_0)
FNDA:4,eventWithCounts
FNDA:0,(anonymous_2)
FNDA:2,(anonymous_3)
FNDA:3,(anonymous_4)
FNDA:3,(anonymous_5)
FNDA:2,(anonymous_6)
FNDA:2,(anonymous_7)
FNDA:0,(anonymous_8)
FNDA:0,(anonymous_9)
FNDA:0,(anonymous_10)
FNDA:0,(anonymous_11)
FNDA:1,(anonymous_12)
FNDA:0,(anonymous_13)
FNDA:2,(anonymous_14)
FNDA:2,(anonymous_15)
DA:26,12
DA:29,12
DA:30,1
DA:33,4
DA:38,4
DA:43,4
DA:47,0
DA:51,12
DA:52,2
DA:53,2
DA:54,0
DA:55,0
DA:58,2
DA:59,2
DA:61,2
DA:62,1
DA:64,2
DA:65,0
DA:69,2
DA:73,1
DA:74,2
DA:77,12
DA:78,3
DA:79,3
DA:80,2
DA:81,2
DA:84,1
DA:85,1
DA:96,1
DA:97,1
DA:100,12
DA:101,3
DA:102,3
DA:103,1
DA:104,1
DA:107,2
DA:108,2
DA:109,1
DA:110,1
DA:113,1
DA:116,12
DA:117,2
DA:118,2
DA:119,0
DA:120,0
DA:123,2
DA:124,2
DA:125,0
DA:126,0
DA:129,2
DA:131,2
DA:132,2
DA:139,2
DA:140,2
DA:142,2
DA:143,0
DA:144,0
DA:145,0
DA:146,0
DA:147,0
DA:148,0
DA:151,2
DA:157,2
DA:158,1
DA:159,1
DA:162,1
DA:163,2
DA:166,12
DA:167,2
DA:168,2
DA:169,0
DA:170,0
DA:173,2
DA:174,2
DA:175,1
DA:176,1
DA:179,1
DA:180,1
DA:184,12
DA:185,0
DA:186,0
DA:187,0
DA:188,0
DA:191,0
DA:193,0
DA:194,0
DA:195,0
DA:196,0
DA:200,0
DA:210,0
DA:211,0
DA:212,0
DA:215,0
DA:218,0
DA:233,0
DA:249,0
DA:250,0
DA:252,0
DA:253,0
DA:254,0
DA:255,0
DA:256,0
DA:257,0
DA:261,0
DA:262,0
DA:263,0
DA:264,0
DA:265,0
DA:266,0
DA:267,0
DA:272,0
DA:274,0
DA:275,0
DA:277,0
DA:278,0
DA:287,0
DA:288,0
DA:289,0
DA:290,0
DA:291,0
DA:294,0
DA:298,12
DA:299,1
DA:300,1
DA:301,0
DA:302,0
DA:305,1
DA:311,1
DA:314,12
DA:315,2
DA:316,2
DA:317,0
DA:318,0
DA:321,2
DA:331,2
DA:332,1
DA:333,1
DA:336,1
DA:341,1
DA:346,2
DA:349,12
DA:350,2
DA:351,2
DA:352,0
DA:353,0
DA:356,2
DA:366,2
DA:367,1
DA:368,1
DA:371,1
DA:376,1
LF:151
LH:87
BRDA:30,0,0,1
BRDA:30,0,1,0
BRDA:53,1,0,0
BRDA:53,1,1,2
BRDA:61,2,0,1
BRDA:61,2,1,1
BRDA:64,3,0,0
BRDA:64,3,1,2
BRDA:69,4,0,1
BRDA:69,4,1,1
BRDA:79,5,0,2
BRDA:79,5,1,1
BRDA:90,6,0,0
BRDA:90,6,1,1
BRDA:91,7,0,3
BRDA:91,7,1,0
BRDA:92,8,0,3
BRDA:92,8,1,0
BRDA:102,9,0,1
BRDA:102,9,1,2
BRDA:108,10,0,1
BRDA:108,10,1,1
BRDA:118,11,0,0
BRDA:118,11,1,2
BRDA:124,12,0,0
BRDA:124,12,1,2
BRDA:134,13,0,0
BRDA:134,13,1,2
BRDA:135,14,0,0
BRDA:135,14,1,2
BRDA:135,15,0,0
BRDA:135,15,1,0
BRDA:139,16,0,2
BRDA:139,16,1,0
BRDA:140,17,0,2
BRDA:140,17,1,0
BRDA:142,18,0,0
BRDA:142,18,1,2
BRDA:142,19,0,2
BRDA:142,19,1,2
BRDA:143,20,0,0
BRDA:143,20,1,0
BRDA:144,21,0,0
BRDA:144,21,1,0
BRDA:146,22,0,0
BRDA:146,22,1,0
BRDA:147,23,0,0
BRDA:147,23,1,0
BRDA:157,24,0,1
BRDA:157,24,1,1
BRDA:162,25,0,1
BRDA:162,25,1,0
BRDA:168,26,0,0
BRDA:168,26,1,2
BRDA:174,27,0,1
BRDA:174,27,1,1
BRDA:186,28,0,0
BRDA:186,28,1,0
BRDA:194,29,0,0
BRDA:194,29,1,0
BRDA:210,30,0,0
BRDA:210,30,1,0
BRDA:254,31,0,0
BRDA:254,31,1,0
BRDA:255,32,0,0
BRDA:255,32,1,0
BRDA:256,33,0,0
BRDA:256,33,1,0
BRDA:257,34,0,0
BRDA:257,34,1,0
BRDA:262,35,0,0
BRDA:262,35,1,0
BRDA:264,36,0,0
BRDA:264,36,1,0
BRDA:265,37,0,0
BRDA:265,37,1,0
BRDA:266,38,0,0
BRDA:266,38,1,0
BRDA:267,39,0,0
BRDA:267,39,1,0
BRDA:277,40,0,0
BRDA:277,40,1,0
BRDA:282,41,0,0
BRDA:282,41,1,0
BRDA:288,42,0,0
BRDA:288,42,1,0
BRDA:288,43,0,0
BRDA:288,43,1,0
BRDA:289,44,0,0
BRDA:289,44,1,0
BRDA:290,45,0,0
BRDA:290,45,1,0
BRDA:300,46,0,0
BRDA:300,46,1,1
BRDA:316,47,0,0
BRDA:316,47,1,2
BRDA:331,48,0,1
BRDA:331,48,1,1
BRDA:344,49,0,1
BRDA:344,49,1,0
BRDA:351,50,0,0
BRDA:351,50,1,2
BRDA:366,51,0,1
BRDA:366,51,1,1
BRF:104
BRH:39
end_of_record
TN:
SF:src/routes/health.ts
FN:6,(anonymous_0)
FNF:1
FNH:1
FNDA:1,(anonymous_0)
DA:4,12
DA:6,12
DA:7,1
DA:8,1
LF:4
LH:4
BRF:0
BRH:0
end_of_record
TN:
SF:src/routes/index.ts
FN:49,(anonymous_0)
FN:54,(anonymous_1)
FN:63,(anonymous_2)
FNF:3
FNH:3
FNDA:152,(anonymous_0)
FNDA:601,(anonymous_1)
FNDA:11,(anonymous_2)
DA:18,12
DA:21,12
DA:24,12
DA:37,12
DA:49,12
DA:50,152
DA:51,48
DA:53,104
DA:54,601
DA:56,104
DA:57,42
DA:59,62
DA:63,12
DA:65,12
DA:66,12
DA:67,12
DA:68,12
DA:69,12
DA:70,12
DA:71,12
DA:72,12
DA:73,12
DA:74,12
DA:75,12
DA:76,12
LF:25
LH:25
BRDA:50,0,0,48
BRDA:50,0,1,104
BRDA:54,1,0,601
BRDA:54,1,1,277
BRDA:56,2,0,42
BRDA:56,2,1,62
BRF:6
BRH:6
end_of_record
TN:
SF:src/routes/invitations.ts
FN:25,invitationWithRelations
FN:38,(anonymous_1)
FN:54,(anonymous_2)
FN:154,(anonymous_3)
FN:177,(anonymous_4)
FN:201,(anonymous_5)
FN:219,(anonymous_6)
FN:228,(anonymous_7)
FN:240,(anonymous_8)
FN:270,(anonymous_9)
FNF:10
FNH:10
FNDA:11,invitationWithRelations
FNDA:2,(anonymous_1)
FNDA:6,(anonymous_2)
FNDA:8,(anonymous_3)
FNDA:10,(anonymous_4)
FNDA:7,(anonymous_5)
FNDA:6,(anonymous_6)
FNDA:6,(anonymous_7)
FNDA:3,(anonymous_8)
FNDA:3,(anonymous_9)
DA:23,12
DA:26,11
DA:27,11
DA:29,11
DA:38,12
DA:39,2
DA:40,2
DA:41,1
DA:42,1
DA:45,1
DA:50,1
DA:51,1
DA:54,12
DA:55,6
DA:56,6
DA:57,0
DA:58,0
DA:61,6
DA:62,6
DA:63,1
DA:64,1
DA:68,5
DA:78,5
DA:79,1
DA:80,1
DA:83,4
DA:90,4
DA:91,4
DA:92,3
DA:93,3
DA:94,3
DA:96,1
DA:100,1
DA:105,1
DA:108,1
DA:109,1
DA:110,1
DA:112,1
DA:116,1
DA:127,1
DA:128,1
DA:133,1
DA:139,0
DA:144,4
DA:145,4
DA:146,4
DA:154,12
DA:155,8
DA:156,8
DA:157,1
DA:158,1
DA:161,7
DA:162,7
DA:163,1
DA:164,1
DA:167,6
DA:169,6
DA:175,6
DA:177,10
DA:184,6
DA:185,6
DA:187,6
DA:191,6
DA:192,5
DA:195,6
DA:201,12
DA:202,7
DA:203,7
DA:204,1
DA:205,1
DA:208,6
DA:209,6
DA:210,2
DA:211,2
DA:214,4
DA:218,4
DA:220,6
DA:228,6
DA:231,4
DA:232,6
DA:233,4
DA:237,4
DA:240,12
DA:241,3
DA:242,3
DA:243,0
DA:244,0
DA:247,3
DA:248,3
DA:249,1
DA:250,1
DA:253,2
DA:255,2
DA:261,2
DA:262,1
DA:263,1
DA:266,1
DA:267,3
DA:270,12
DA:271,3
DA:272,3
DA:273,0
DA:274,0
DA:278,3
DA:283,3
DA:284,1
DA:285,1
DA:289,2
DA:290,2
DA:291,2
DA:292,2
DA:293,1
DA:296,0
DA:301,2
DA:305,2
DA:306,2
LF:116
LH:108
BRDA:31,0,0,11
BRDA:31,0,1,0
BRDA:32,1,0,11
BRDA:32,1,1,0
BRDA:40,2,0,1
BRDA:40,2,1,1
BRDA:56,3,0,0
BRDA:56,3,1,6
BRDA:62,4,0,1
BRDA:62,4,1,5
BRDA:78,5,0,1
BRDA:78,5,1,4
BRDA:91,6,0,3
BRDA:91,6,1,1
BRDA:94,7,0,1
BRDA:94,7,1,2
BRDA:105,8,0,1
BRDA:105,8,1,0
BRDA:110,9,0,1
BRDA:110,9,1,1
BRDA:112,10,0,0
BRDA:112,10,1,1
BRDA:123,11,0,0
BRDA:123,11,1,1
BRDA:124,12,0,1
BRDA:124,12,1,0
BRDA:127,13,0,1
BRDA:127,13,1,0
BRDA:156,14,0,1
BRDA:156,14,1,7
BRDA:162,15,0,1
BRDA:162,15,1,6
BRDA:203,16,0,1
BRDA:203,16,1,6
BRDA:209,17,0,2
BRDA:209,17,1,4
BRDA:232,18,0,4
BRDA:232,18,1,2
BRDA:242,19,0,0
BRDA:242,19,1,3
BRDA:248,20,0,1
BRDA:248,20,1,2
BRDA:261,21,0,1
BRDA:261,21,1,1
BRDA:266,22,0,1
BRDA:266,22,1,0
BRDA:272,23,0,0
BRDA:272,23,1,3
BRDA:283,24,0,1
BRDA:283,24,1,2
BRDA:289,25,0,2
BRDA:289,25,1,0
BRDA:292,26,0,1
BRDA:292,26,1,1
BRF:54
BRH:42
end_of_record
TN:
SF:src/routes/mapData.ts
FN:17,(anonymous_0)
FN:60,(anonymous_1)
FN:63,(anonymous_2)
FN:66,(anonymous_3)
FN:67,(anonymous_4)
FNF:5
FNH:5
FNDA:8,(anonymous_0)
FNDA:7,(anonymous_1)
FNDA:6,(anonymous_2)
FNDA:3,(anonymous_3)
FNDA:3,(anonymous_4)
DA:5,12
DA:17,12
DA:18,8
DA:60,8
DA:63,8
DA:66,3
DA:68,3
DA:69,3
DA:79,8
LF:9
LH:9
BRDA:71,0,0,3
BRDA:71,0,1,1
BRDA:72,1,0,3
BRDA:72,1,1,1
BRDA:73,2,0,3
BRDA:73,2,1,1
BRF:6
BRH:6
end_of_record
TN:
SF:src/routes/offices.ts
FN:19,(anonymous_0)
FN:26,(anonymous_1)
FN:46,(anonymous_2)
FN:85,(anonymous_3)
FNF:4
FNH:4
FNDA:2,(anonymous_0)
FNDA:6,(anonymous_1)
FNDA:4,(anonymous_2)
FNDA:3,(anonymous_3)
DA:7,12
DA:9,12
DA:19,12
DA:20,2
DA:21,2
DA:26,12
DA:27,6
DA:28,6
DA:29,4
DA:30,4
DA:33,2
DA:35,2
DA:40,2
DA:41,2
DA:46,12
DA:47,4
DA:48,4
DA:49,1
DA:50,1
DA:53,3
DA:54,3
DA:55,1
DA:56,1
DA:59,2
DA:60,2
DA:61,1
DA:62,1
DA:65,1
DA:66,1
DA:67,1
DA:68,1
DA:69,1
DA:70,1
DA:71,1
DA:73,1
DA:79,1
DA:80,1
DA:85,12
DA:86,3
DA:87,3
DA:88,1
DA:89,1
DA:92,2
DA:93,2
DA:94,1
DA:95,1
DA:98,1
DA:99,1
DA:100,1
LF:49
LH:49
BRDA:28,0,0,4
BRDA:28,0,1,2
BRDA:37,1,0,2
BRDA:37,1,1,1
BRDA:37,2,0,6
BRDA:37,2,1,1
BRDA:48,3,0,1
BRDA:48,3,1,3
BRDA:48,4,0,4
BRDA:48,4,1,3
BRDA:54,5,0,1
BRDA:54,5,1,2
BRDA:60,6,0,1
BRDA:60,6,1,1
BRDA:67,7,0,1
BRDA:67,7,1,0
BRDA:68,8,0,0
BRDA:68,8,1,1
BRDA:69,9,0,0
BRDA:69,9,1,1
BRDA:70,10,0,0
BRDA:70,10,1,1
BRDA:70,11,0,0
BRDA:70,11,1,0
BRDA:71,12,0,0
BRDA:71,12,1,1
BRDA:71,13,0,0
BRDA:71,13,1,0
BRDA:87,14,0,1
BRDA:87,14,1,2
BRDA:87,15,0,3
BRDA:87,15,1,2
BRDA:93,16,0,1
BRDA:93,16,1,1
BRF:34
BRH:25
end_of_record
TN:
SF:src/routes/orgChart.ts
FN:20,(anonymous_0)
FN:38,(anonymous_1)
FN:52,(anonymous_2)
FN:53,(anonymous_3)
FN:54,(anonymous_4)
FNF:5
FNH:0
FNDA:0,(anonymous_0)
FNDA:0,(anonymous_1)
FNDA:0,(anonymous_2)
FNDA:0,(anonymous_3)
FNDA:0,(anonymous_4)
DA:5,12
DA:20,12
DA:21,0
DA:37,0
DA:38,0
DA:41,0
DA:43,0
DA:44,0
DA:45,0
DA:47,0
DA:52,0
DA:53,0
DA:54,0
DA:56,0
DA:58,0
LF:15
LH:2
BRDA:44,0,0,0
BRDA:44,0,1,0
BRDA:44,1,0,0
BRDA:44,1,1,0
BRF:4
BRH:0
end_of_record
TN:
SF:src/routes/people.ts
FN:27,parseCSV
FN:62,(anonymous_1)
FN:74,(anonymous_2)
FN:80,(anonymous_3)
FN:82,(anonymous_4)
FN:84,(anonymous_5)
FN:110,normalizeKey
FN:117,(anonymous_7)
FN:152,(anonymous_8)
FN:168,(anonymous_9)
FN:184,(anonymous_10)
FN:238,(anonymous_11)
FN:253,(anonymous_12)
FN:340,chunk
FN:349,(anonymous_14)
FN:358,(anonymous_15)
FN:360,(anonymous_16)
FN:361,(anonymous_17)
FN:364,(anonymous_18)
FN:413,(anonymous_19)
FN:434,(anonymous_20)
FN:481,(anonymous_21)
FN:496,(anonymous_22)
FN:510,(anonymous_23)
FN:513,(anonymous_24)
FN:514,(anonymous_25)
FN:518,(anonymous_26)
FN:522,(anonymous_27)
FNF:28
FNH:27
FNDA:31,parseCSV
FNDA:3745,(anonymous_1)
FNDA:33,(anonymous_2)
FNDA:91,(anonymous_3)
FNDA:3736,(anonymous_4)
FNDA:17519,(anonymous_5)
FNDA:17502,normalizeKey
FNDA:6,(anonymous_7)
FNDA:5,(anonymous_8)
FNDA:3,(anonymous_9)
FNDA:2,(anonymous_10)
FNDA:23,(anonymous_11)
FNDA:3728,(anonymous_12)
FNDA:36,chunk
FNDA:3719,(anonymous_14)
FNDA:1,(anonymous_15)
FNDA:3719,(anonymous_16)
FNDA:3719,(anonymous_17)
FNDA:3719,(anonymous_18)
FNDA:2,(anonymous_19)
FNDA:6,(anonymous_20)
FNDA:1,(anonymous_21)
FNDA:0,(anonymous_22)
FNDA:2,(anonymous_23)
FNDA:2,(anonymous_24)
FNDA:1,(anonymous_25)
FNDA:2,(anonymous_26)
FNDA:1,(anonymous_27)
DA:19,12
DA:29,31
DA:31,31
DA:32,31
DA:33,31
DA:34,31
DA:36,31
DA:37,217037
DA:39,217037
DA:40,134
DA:41,13
DA:43,4
DA:44,4
DA:47,9
DA:51,121
DA:54,216903
DA:55,9
DA:56,216894
DA:57,13847
DA:58,13847
DA:59,203047
DA:60,3743
DA:61,3743
DA:62,3745
DA:63,3743
DA:65,3743
DA:67,199304
DA:73,217037
DA:74,217037
DA:75,24
DA:78,31
DA:80,91
DA:82,29
DA:83,3736
DA:84,3736
DA:85,17519
DA:87,3736
DA:96,12
DA:111,17502
DA:112,17502
DA:115,12
DA:117,12
DA:118,6
DA:119,6
DA:120,1
DA:121,1
DA:124,5
DA:126,5
DA:127,5
DA:129,5
DA:132,5
DA:133,1
DA:134,1
DA:135,0
DA:139,1
DA:143,4
DA:144,1
DA:146,3
DA:149,5
DA:152,12
DA:153,5
DA:154,5
DA:155,3
DA:156,3
DA:159,2
DA:160,2
DA:164,1
DA:165,1
DA:168,12
DA:169,3
DA:170,3
DA:171,1
DA:172,1
DA:175,2
DA:176,2
DA:177,1
DA:178,1
DA:181,1
DA:184,12
DA:185,2
DA:186,2
DA:187,0
DA:188,0
DA:191,2
DA:192,2
DA:193,0
DA:194,0
DA:197,2
DA:200,2
DA:201,2
DA:203,2
DA:204,2
DA:205,0
DA:206,0
DA:207,0
DA:208,0
DA:211,2
DA:217,2
DA:218,1
DA:219,1
DA:222,1
DA:223,2
DA:231,12
DA:236,12
DA:238,12
DA:239,23
DA:240,23
DA:241,1
DA:242,1
DA:246,22
DA:247,22
DA:248,1
DA:249,1
DA:253,21
DA:254,3728
DA:255,3728
DA:256,17502
DA:258,3728
DA:281,21
DA:285,23
DA:286,23
DA:287,23
DA:289,23
DA:290,3728
DA:291,3728
DA:292,3728
DA:293,3728
DA:295,3728
DA:296,2
DA:302,2
DA:304,3726
DA:305,4
DA:306,4
DA:308,3722
DA:309,2
DA:310,2
DA:312,3720
DA:313,1
DA:314,1
DA:316,3719
DA:318,3719
DA:319,3728
DA:323,3728
DA:334,21
DA:335,3
DA:336,3
DA:341,36
DA:342,48
DA:343,36
DA:349,3719
DA:350,18
DA:351,18
DA:352,24
DA:356,24
DA:358,18
DA:360,3719
DA:361,3719
DA:364,3719
DA:377,18
DA:378,24
DA:402,18
DA:403,18
DA:410,18
DA:413,12
DA:414,2
DA:415,2
DA:416,0
DA:417,0
DA:420,2
DA:425,2
DA:426,1
DA:427,1
DA:430,1
DA:431,1
DA:434,12
DA:435,6
DA:436,6
DA:437,1
DA:438,1
DA:441,5
DA:442,5
DA:443,1
DA:444,1
DA:448,4
DA:476,4
DA:481,4
DA:482,4
DA:483,4
DA:484,1
DA:494,1
DA:495,0
DA:496,0
DA:501,4
DA:502,4
DA:503,2
DA:505,4
DA:506,1
DA:509,4
DA:510,2
DA:513,6
DA:514,6
DA:516,6
DA:518,2
DA:522,1
LF:204
LH:191
BRDA:39,0,0,134
BRDA:39,0,1,216903
BRDA:40,1,0,13
BRDA:40,1,1,121
BRDA:41,2,0,4
BRDA:41,2,1,9
BRDA:54,3,0,9
BRDA:54,3,1,216894
BRDA:56,4,0,13847
BRDA:56,4,1,203047
BRDA:59,5,0,3743
BRDA:59,5,1,199304
BRDA:62,6,0,3743
BRDA:62,6,1,0
BRDA:74,7,0,24
BRDA:74,7,1,217013
BRDA:78,8,0,2
BRDA:78,8,1,29
BRDA:85,9,0,17519
BRDA:85,9,1,1
BRDA:112,10,0,17502
BRDA:112,10,1,17497
BRDA:119,11,0,1
BRDA:119,11,1,5
BRDA:127,12,0,1
BRDA:127,12,1,4
BRDA:132,13,0,1
BRDA:132,13,1,4
BRDA:134,14,0,0
BRDA:134,14,1,1
BRDA:143,15,0,1
BRDA:143,15,1,3
BRDA:154,16,0,3
BRDA:154,16,1,2
BRDA:162,17,0,2
BRDA:162,17,1,0
BRDA:162,18,0,5
BRDA:162,18,1,0
BRDA:170,19,0,1
BRDA:170,19,1,2
BRDA:176,20,0,1
BRDA:176,20,1,1
BRDA:186,21,0,0
BRDA:186,21,1,2
BRDA:192,22,0,0
BRDA:192,22,1,2
BRDA:200,23,0,2
BRDA:200,23,1,0
BRDA:201,24,0,2
BRDA:201,24,1,0
BRDA:204,25,0,0
BRDA:204,25,1,2
BRDA:204,26,0,2
BRDA:204,26,1,2
BRDA:205,27,0,0
BRDA:205,27,1,0
BRDA:206,28,0,0
BRDA:206,28,1,0
BRDA:208,29,0,0
BRDA:208,29,1,0
BRDA:208,30,0,0
BRDA:208,30,1,0
BRDA:217,31,0,1
BRDA:217,31,1,1
BRDA:222,32,0,1
BRDA:222,32,1,0
BRDA:239,33,0,23
BRDA:239,33,1,0
BRDA:240,34,0,1
BRDA:240,34,1,22
BRDA:247,35,0,1
BRDA:247,35,1,21
BRDA:281,36,0,21
BRDA:281,36,1,21
BRDA:281,36,2,1
BRDA:292,37,0,3728
BRDA:292,37,1,0
BRDA:293,38,0,3728
BRDA:293,38,1,2
BRDA:295,39,0,2
BRDA:295,39,1,3726
BRDA:298,40,0,2
BRDA:298,40,1,0
BRDA:304,41,0,4
BRDA:304,41,1,3722
BRDA:305,42,0,4
BRDA:305,42,1,0
BRDA:308,43,0,2
BRDA:308,43,1,3720
BRDA:308,44,0,3722
BRDA:308,44,1,3721
BRDA:309,45,0,2
BRDA:309,45,1,1
BRDA:312,46,0,1
BRDA:312,46,1,3719
BRDA:318,47,0,3719
BRDA:318,47,1,1708
BRDA:319,48,0,2010
BRDA:319,48,1,1709
BRDA:327,49,0,3728
BRDA:327,49,1,1710
BRDA:328,50,0,3728
BRDA:328,50,1,1712
BRDA:329,51,0,3728
BRDA:329,51,1,1713
BRDA:330,52,0,3728
BRDA:330,52,1,1713
BRDA:334,53,0,3
BRDA:334,53,1,18
BRDA:415,54,0,0
BRDA:415,54,1,2
BRDA:425,55,0,1
BRDA:425,55,1,1
BRDA:436,56,0,1
BRDA:436,56,1,5
BRDA:442,57,0,1
BRDA:442,57,1,4
BRDA:483,58,0,1
BRDA:483,58,1,3
BRDA:488,59,0,1
BRDA:488,59,1,0
BRDA:494,60,0,0
BRDA:494,60,1,1
BRDA:503,61,0,1
BRDA:503,61,1,1
BRDA:506,62,0,1
BRDA:506,62,1,0
BRDA:506,63,0,1
BRDA:506,63,1,1
BRDA:509,64,0,2
BRDA:509,64,1,2
BRF:131
BRH:105
end_of_record
TN:
SF:src/routes/search.ts
FN:11,(anonymous_0)
FNF:1
FNH:0
FNDA:0,(anonymous_0)
DA:5,12
DA:11,12
DA:12,0
DA:14,0
DA:15,0
DA:16,0
DA:19,0
DA:21,0
DA:22,0
DA:77,0
DA:79,0
DA:80,0
LF:12
LH:2
BRDA:12,0,0,0
BRDA:12,0,1,0
BRDA:14,1,0,0
BRDA:14,1,1,0
BRF:4
BRH:0
end_of_record
TN:
SF:src/routes/settings.ts
FN:11,(anonymous_0)
FN:20,(anonymous_1)
FNF:2
FNH:0
FNDA:0,(anonymous_0)
FNDA:0,(anonymous_1)
DA:6,12
DA:11,12
DA:12,0
DA:13,0
DA:14,0
DA:20,12
DA:21,0
DA:22,0
DA:23,0
DA:24,0
DA:27,0
DA:28,0
DA:29,0
DA:30,0
DA:34,0
DA:35,0
DA:36,0
DA:40,0
DA:41,0
DA:43,0
DA:52,0
DA:54,0
LF:22
LH:3
BRDA:22,0,0,0
BRDA:22,0,1,0
BRDA:22,1,0,0
BRDA:22,1,1,0
BRDA:28,2,0,0
BRDA:28,2,1,0
BRDA:34,3,0,0
BRDA:34,3,1,0
BRDA:41,4,0,0
BRDA:41,4,1,0
BRF:10
BRH:0
end_of_record
TN:
SF:src/routes/suggestions.ts
FN:23,getDaysSinceLastInPersonEvent
FN:31,(anonymous_1)
FN:36,getLastTouchpoint
FN:51,(anonymous_3)
FN:56,(anonymous_4)
FN:57,(anonymous_5)
FN:60,(anonymous_6)
FN:68,(anonymous_7)
FN:74,(anonymous_8)
FN:90,(anonymous_9)
FN:103,(anonymous_10)
FN:108,(anonymous_11)
FN:108,(anonymous_12)
FN:112,(anonymous_13)
FN:132,(anonymous_14)
FN:134,(anonymous_15)
FN:141,(anonymous_16)
FN:145,(anonymous_17)
FN:153,(anonymous_18)
FN:160,(anonymous_19)
FN:166,(anonymous_20)
FNF:21
FNH:12
FNDA:1,getDaysSinceLastInPersonEvent
FNDA:0,(anonymous_1)
FNDA:1,getLastTouchpoint
FNDA:0,(anonymous_3)
FNDA:0,(anonymous_4)
FNDA:0,(anonymous_5)
FNDA:0,(anonymous_6)
FNDA:0,(anonymous_7)
FNDA:2,(anonymous_8)
FNDA:1,(anonymous_9)
FNDA:0,(anonymous_10)
FNDA:1,(anonymous_11)
FNDA:0,(anonymous_12)
FNDA:1,(anonymous_13)
FNDA:0,(anonymous_14)
FNDA:1,(anonymous_15)
FNDA:1,(anonymous_16)
FNDA:2,(anonymous_17)
FNDA:1,(anonymous_18)
FNDA:1,(anonymous_19)
FNDA:1,(anonymous_20)
DA:21,12
DA:24,1
DA:30,1
DA:31,0
DA:32,0
DA:33,0
DA:40,1
DA:46,1
DA:51,1
DA:52,1
DA:53,1
DA:54,0
DA:55,0
DA:56,0
DA:57,0
DA:60,1
DA:65,1
DA:66,1
DA:68,0
DA:69,0
DA:70,0
DA:71,0
DA:74,12
DA:75,2
DA:77,2
DA:84,2
DA:89,2
DA:92,1
DA:99,1
DA:103,1
DA:106,1
DA:107,1
DA:108,1
DA:111,1
DA:113,1
DA:114,1
DA:115,1
DA:125,1
DA:127,1
DA:132,0
DA:134,1
DA:141,2
DA:142,2
DA:145,12
DA:146,2
DA:147,2
DA:152,2
DA:154,1
DA:155,1
DA:159,2
DA:160,2
DA:161,1
DA:164,2
DA:166,2
DA:177,2
LF:55
LH:43
BRDA:30,0,0,1
BRDA:30,0,1,0
BRDA:53,1,0,0
BRDA:53,1,1,1
BRDA:56,2,0,0
BRDA:56,2,1,0
BRDA:66,3,0,1
BRDA:66,3,1,0
BRDA:117,4,0,0
BRDA:117,4,1,1
BRDA:141,5,0,1
BRDA:141,5,1,0
BRDA:161,6,0,1
BRDA:161,6,1,0
BRDA:171,7,0,1
BRDA:171,7,1,0
BRF:16
BRH:7
end_of_record
TN:
SF:src/routes/virtualMeetings.ts
FN:32,(anonymous_0)
FN:35,meetingWithMeta
FN:60,provisionTeamsMeeting
FN:98,cancelTeamsMeetingForRecord
FN:112,(anonymous_4)
FN:131,(anonymous_5)
FN:168,(anonymous_6)
FN:188,(anonymous_7)
FN:268,(anonymous_8)
FN:298,(anonymous_9)
FN:311,(anonymous_10)
FN:314,(anonymous_11)
FN:340,(anonymous_12)
FNF:13
FNH:12
FNDA:2,(anonymous_0)
FNDA:14,meetingWithMeta
FNDA:7,provisionTeamsMeeting
FNDA:1,cancelTeamsMeetingForRecord
FNDA:3,(anonymous_4)
FNDA:7,(anonymous_5)
FNDA:3,(anonymous_6)
FNDA:9,(anonymous_7)
FNDA:2,(anonymous_8)
FNDA:1,(anonymous_9)
FNDA:0,(anonymous_10)
FNDA:2,(anonymous_11)
FNDA:1,(anonymous_12)
DA:29,12
DA:32,12
DA:33,2
DA:36,14
DA:41,14
DA:42,14
DA:43,1
DA:44,1
DA:47,14
DA:66,7
DA:67,7
DA:68,7
DA:71,4
DA:75,7
DA:81,4
DA:83,4
DA:91,4
DA:93,0
DA:94,0
DA:102,1
DA:103,1
DA:104,1
DA:106,0
DA:112,12
DA:113,3
DA:114,3
DA:115,1
DA:116,1
DA:119,2
DA:127,1
DA:128,2
DA:131,12
DA:132,7
DA:133,7
DA:134,2
DA:135,2
DA:138,5
DA:149,5
DA:150,4
DA:156,4
DA:157,2
DA:158,2
DA:163,5
DA:164,5
DA:165,5
DA:168,12
DA:169,3
DA:170,3
DA:171,1
DA:172,1
DA:175,2
DA:180,2
DA:181,1
DA:182,1
DA:185,1
DA:188,12
DA:189,9
DA:190,9
DA:191,0
DA:192,0
DA:195,9
DA:196,9
DA:197,1
DA:198,1
DA:202,8
DA:207,8
DA:208,1
DA:209,1
DA:212,7
DA:213,7
DA:220,9
DA:226,7
DA:227,0
DA:228,0
DA:232,7
DA:234,7
DA:235,3
DA:236,3
DA:242,3
DA:243,2
DA:244,2
DA:247,4
DA:252,1
DA:253,1
DA:255,1
DA:259,1
DA:260,1
DA:264,7
DA:265,7
DA:268,12
DA:269,2
DA:270,2
DA:271,0
DA:272,0
DA:275,2
DA:280,2
DA:281,1
DA:282,1
DA:285,1
DA:286,0
DA:289,1
DA:293,1
DA:294,1
DA:298,12
DA:299,1
DA:300,1
DA:301,0
DA:302,0
DA:305,1
DA:311,1
DA:314,12
DA:315,2
DA:316,2
DA:317,0
DA:318,0
DA:321,2
DA:322,2
DA:323,1
DA:324,1
DA:327,1
DA:332,1
DA:337,2
DA:340,12
DA:341,1
DA:342,1
DA:343,0
DA:344,0
DA:347,1
DA:356,1
DA:361,1
LF:130
LH:114
BRDA:33,0,0,2
BRDA:33,0,1,0
BRDA:42,1,0,1
BRDA:42,1,1,13
BRDA:44,2,0,1
BRDA:44,2,1,0
BRDA:68,3,0,3
BRDA:68,3,1,4
BRDA:71,4,0,4
BRDA:71,4,1,0
BRDA:81,5,0,0
BRDA:81,5,1,4
BRDA:104,6,0,1
BRDA:104,6,1,0
BRDA:114,7,0,1
BRDA:114,7,1,2
BRDA:119,8,0,1
BRDA:119,8,1,1
BRDA:133,9,0,2
BRDA:133,9,1,5
BRDA:142,10,0,2
BRDA:142,10,1,3
BRDA:149,11,0,4
BRDA:149,11,1,1
BRDA:149,12,0,5
BRDA:149,12,1,4
BRDA:156,13,0,2
BRDA:156,13,1,2
BRDA:170,14,0,1
BRDA:170,14,1,2
BRDA:180,15,0,1
BRDA:180,15,1,1
BRDA:190,16,0,0
BRDA:190,16,1,9
BRDA:196,17,0,1
BRDA:196,17,1,8
BRDA:207,18,0,1
BRDA:207,18,1,7
BRDA:215,19,0,0
BRDA:215,19,1,7
BRDA:216,20,0,0
BRDA:216,20,1,0
BRDA:226,21,0,0
BRDA:226,21,1,7
BRDA:234,22,0,3
BRDA:234,22,1,4
BRDA:234,23,0,7
BRDA:234,23,1,4
BRDA:235,24,0,3
BRDA:235,24,1,0
BRDA:242,25,0,2
BRDA:242,25,1,1
BRDA:247,26,0,1
BRDA:247,26,1,3
BRDA:247,27,0,4
BRDA:247,27,1,1
BRDA:252,28,0,1
BRDA:252,28,1,0
BRDA:270,29,0,0
BRDA:270,29,1,2
BRDA:280,30,0,1
BRDA:280,30,1,1
BRDA:285,31,0,0
BRDA:285,31,1,1
BRDA:300,32,0,0
BRDA:300,32,1,1
BRDA:316,33,0,0
BRDA:316,33,1,2
BRDA:322,34,0,1
BRDA:322,34,1,1
BRDA:335,35,0,1
BRDA:335,35,1,0
BRDA:342,36,0,0
BRDA:342,36,1,1
BRF:74
BRH:56
end_of_record
