TN:
SF:src/app.ts
FN:13,req
FN:20,res
FNF:2
FNH:2
FNDA:76,req
FNDA:76,res
DA:7,7
DA:9,7
DA:14,76
DA:21,76
DA:28,7
DA:29,7
DA:30,7
DA:32,7
LF:8
LH:8
BRF:0
BRH:0
end_of_record
TN:
SF:src/lib/logger.ts
FNF:0
FNH:0
DA:3,7
DA:5,7
LF:2
LH:2
BRDA:6,0,0,7
BRDA:6,0,1,7
BRDA:12,1,0,0
BRDA:12,1,1,7
BRF:4
BRH:3
end_of_record
TN:
SF:src/lib/suggestion-logic.ts
FN:26,isSameState
FN:34,isSameCity
FN:42,needsVirtualTouchpoint
FN:50,sortByEventGap
FN:64,sortByTouchpointGap
FN:79,filterNearbyStaff
FN:85,(anonymous_6)
FNF:7
FNH:7
FNDA:24,isSameState
FNDA:6,isSameCity
FNDA:9,needsVirtualTouchpoint
FNDA:11,sortByEventGap
FNDA:11,sortByTouchpointGap
FNDA:7,filterNearbyStaff
FNDA:31,(anonymous_6)
DA:8,8
DA:27,24
DA:35,6
DA:43,9
DA:54,11
DA:55,10
DA:56,8
DA:57,5
DA:68,11
DA:69,10
DA:70,8
DA:71,5
DA:84,7
DA:86,31
LF:14
LH:14
BRDA:43,0,0,9
BRDA:43,0,1,7
BRDA:54,1,0,1
BRDA:54,1,1,10
BRDA:54,2,0,11
BRDA:54,2,1,3
BRDA:55,3,0,2
BRDA:55,3,1,8
BRDA:56,4,0,3
BRDA:56,4,1,5
BRDA:68,5,0,1
BRDA:68,5,1,10
BRDA:68,6,0,11
BRDA:68,6,1,3
BRDA:69,7,0,2
BRDA:69,7,1,8
BRDA:70,8,0,3
BRDA:70,8,1,5
BRDA:86,9,0,31
BRDA:86,9,1,19
BRDA:86,9,2,11
BRF:21
BRH:21
end_of_record
TN:
SF:src/routes/dashboard.ts
FN:16,getDaysSinceLastTouchpoint
FN:23,(anonymous_1)
FN:23,(anonymous_2)
FN:30,(anonymous_3)
FN:38,(anonymous_4)
FN:39,(anonymous_5)
FN:49,(anonymous_6)
FN:54,(anonymous_7)
FN:56,(anonymous_8)
FN:57,(anonymous_9)
FN:58,(anonymous_10)
FN:61,(anonymous_11)
FN:63,(anonymous_12)
FN:66,(anonymous_13)
FN:67,(anonymous_14)
FN:104,(anonymous_15)
FN:105,(anonymous_16)
FN:145,(anonymous_17)
FN:150,(anonymous_18)
FN:151,(anonymous_19)
FN:157,(anonymous_20)
FNF:21
FNH:13
FNDA:3,getDaysSinceLastTouchpoint
FNDA:0,(anonymous_1)
FNDA:0,(anonymous_2)
FNDA:0,(anonymous_3)
FNDA:0,(anonymous_4)
FNDA:0,(anonymous_5)
FNDA:4,(anonymous_6)
FNDA:0,(anonymous_7)
FNDA:1,(anonymous_8)
FNDA:1,(anonymous_9)
FNDA:1,(anonymous_10)
FNDA:1,(anonymous_11)
FNDA:1,(anonymous_12)
FNDA:1,(anonymous_13)
FNDA:1,(anonymous_14)
FNDA:0,(anonymous_15)
FNDA:0,(anonymous_16)
FNDA:1,(anonymous_17)
FNDA:12,(anonymous_18)
FNDA:3,(anonymous_19)
FNDA:1,(anonymous_20)
DA:12,7
DA:14,7
DA:17,3
DA:23,3
DA:25,3
DA:30,3
DA:31,3
DA:32,3
DA:33,0
DA:37,0
DA:38,0
DA:39,0
DA:42,3
DA:43,3
DA:45,0
DA:46,0
DA:49,7
DA:50,4
DA:51,4
DA:53,4
DA:54,4
DA:56,4
DA:57,4
DA:58,4
DA:61,4
DA:62,4
DA:63,1
DA:65,4
DA:66,1
DA:67,1
DA:71,4
DA:83,4
DA:89,4
DA:101,4
DA:103,4
DA:104,1
DA:105,1
DA:106,1
DA:107,0
DA:115,1
DA:125,4
DA:126,1
DA:135,4
DA:136,0
DA:145,4
DA:148,4
DA:149,4
DA:151,12
DA:152,12
DA:153,12
DA:154,1
DA:155,1
DA:157,12
DA:158,1
DA:159,1
DA:161,12
DA:165,4
LF:57
LH:49
BRDA:32,0,0,0
BRDA:32,0,1,3
BRDA:38,1,0,0
BRDA:38,1,1,0
BRDA:43,2,0,3
BRDA:43,2,1,0
BRDA:66,3,0,1
BRDA:66,3,1,0
BRDA:106,4,0,0
BRDA:106,4,1,1
BRDA:109,5,0,0
BRDA:109,5,1,0
BRDA:109,6,0,0
BRDA:109,6,1,0
BRDA:111,7,0,0
BRDA:111,7,1,0
BRDA:112,8,0,0
BRDA:112,8,1,0
BRDA:117,9,0,1
BRDA:117,9,1,1
BRDA:117,10,0,1
BRDA:117,10,1,1
BRDA:119,11,0,1
BRDA:119,11,1,1
BRDA:120,12,0,1
BRDA:120,12,1,1
BRDA:155,13,0,0
BRDA:155,13,1,1
BRDA:155,14,0,1
BRDA:155,14,1,0
BRF:30
BRH:14
end_of_record
TN:
SF:src/routes/events.ts
FN:25,(anonymous_0)
FN:28,eventWithCounts
FN:43,(anonymous_2)
FN:47,(anonymous_3)
FN:73,(anonymous_4)
FN:91,(anonymous_5)
FN:107,(anonymous_6)
FN:141,(anonymous_7)
FN:158,(anonymous_8)
FN:171,(anonymous_9)
FN:174,(anonymous_10)
FN:204,(anonymous_11)
FNF:12
FNH:10
FNDA:1,(anonymous_0)
FNDA:4,eventWithCounts
FNDA:0,(anonymous_2)
FNDA:2,(anonymous_3)
FNDA:3,(anonymous_4)
FNDA:3,(anonymous_5)
FNDA:2,(anonymous_6)
FNDA:2,(anonymous_7)
FNDA:1,(anonymous_8)
FNDA:0,(anonymous_9)
FNDA:2,(anonymous_10)
FNDA:2,(anonymous_11)
DA:22,7
DA:25,7
DA:26,1
DA:29,4
DA:34,4
DA:39,4
DA:43,0
DA:47,7
DA:48,2
DA:49,2
DA:50,0
DA:51,0
DA:54,2
DA:55,2
DA:57,2
DA:58,1
DA:60,2
DA:61,0
DA:65,2
DA:69,1
DA:70,2
DA:73,7
DA:74,3
DA:75,3
DA:76,2
DA:77,2
DA:80,1
DA:88,1
DA:91,7
DA:92,3
DA:93,3
DA:94,1
DA:95,1
DA:98,2
DA:99,2
DA:100,1
DA:101,1
DA:104,1
DA:107,7
DA:108,2
DA:109,2
DA:110,0
DA:111,0
DA:114,2
DA:115,2
DA:116,0
DA:117,0
DA:120,2
DA:121,2
DA:127,2
DA:133,2
DA:134,1
DA:135,1
DA:138,1
DA:141,7
DA:142,2
DA:143,2
DA:144,0
DA:145,0
DA:148,2
DA:149,2
DA:150,1
DA:151,1
DA:154,1
DA:158,7
DA:159,1
DA:160,1
DA:161,0
DA:162,0
DA:165,1
DA:171,1
DA:174,7
DA:175,2
DA:176,2
DA:177,0
DA:178,0
DA:181,2
DA:191,2
DA:192,1
DA:193,1
DA:196,1
DA:201,1
DA:204,7
DA:205,2
DA:206,2
DA:207,0
DA:208,0
DA:211,2
DA:221,2
DA:222,1
DA:223,1
DA:226,1
LF:92
LH:76
BRDA:26,0,0,1
BRDA:26,0,1,0
BRDA:49,1,0,0
BRDA:49,1,1,2
BRDA:57,2,0,1
BRDA:57,2,1,1
BRDA:60,3,0,0
BRDA:60,3,1,2
BRDA:65,4,0,1
BRDA:65,4,1,1
BRDA:75,5,0,2
BRDA:75,5,1,1
BRDA:85,6,0,0
BRDA:85,6,1,1
BRDA:93,7,0,1
BRDA:93,7,1,2
BRDA:99,8,0,1
BRDA:99,8,1,1
BRDA:109,9,0,0
BRDA:109,9,1,2
BRDA:115,10,0,0
BRDA:115,10,1,2
BRDA:123,11,0,0
BRDA:123,11,1,2
BRDA:124,12,0,0
BRDA:124,12,1,2
BRDA:124,13,0,0
BRDA:124,13,1,0
BRDA:133,14,0,1
BRDA:133,14,1,1
BRDA:143,15,0,0
BRDA:143,15,1,2
BRDA:149,16,0,1
BRDA:149,16,1,1
BRDA:160,17,0,0
BRDA:160,17,1,1
BRDA:176,18,0,0
BRDA:176,18,1,2
BRDA:191,19,0,1
BRDA:191,19,1,1
BRDA:206,20,0,0
BRDA:206,20,1,2
BRDA:221,21,0,1
BRDA:221,21,1,1
BRF:44
BRH:30
end_of_record
TN:
SF:src/routes/health.ts
FN:6,(anonymous_0)
FNF:1
FNH:1
FNDA:1,(anonymous_0)
DA:4,7
DA:6,7
DA:7,1
DA:8,1
LF:4
LH:4
BRF:0
BRH:0
end_of_record
TN:
SF:src/routes/index.ts
FNF:0
FNH:0
DA:10,7
DA:12,7
DA:13,7
DA:14,7
DA:15,7
DA:16,7
DA:17,7
DA:18,7
LF:8
LH:8
BRF:0
BRH:0
end_of_record
TN:
SF:src/routes/invitations.ts
FN:15,invitationWithRelations
FN:28,(anonymous_1)
FN:44,(anonymous_2)
FN:81,(anonymous_3)
FN:108,(anonymous_4)
FNF:5
FNH:5
FNDA:3,invitationWithRelations
FNDA:2,(anonymous_1)
FNDA:3,(anonymous_2)
FNDA:3,(anonymous_3)
FNDA:2,(anonymous_4)
DA:13,7
DA:16,3
DA:17,3
DA:19,3
DA:28,7
DA:29,2
DA:30,2
DA:31,1
DA:32,1
DA:35,1
DA:40,1
DA:41,1
DA:44,7
DA:45,3
DA:46,3
DA:47,0
DA:48,0
DA:51,3
DA:52,3
DA:53,1
DA:54,1
DA:58,2
DA:68,2
DA:69,1
DA:70,1
DA:73,1
DA:78,1
DA:81,7
DA:82,3
DA:83,3
DA:84,0
DA:85,0
DA:88,3
DA:89,3
DA:90,1
DA:91,1
DA:94,2
DA:100,2
DA:101,1
DA:102,1
DA:105,1
DA:108,7
DA:109,2
DA:110,2
DA:111,0
DA:112,0
DA:115,2
DA:120,2
DA:121,1
DA:122,1
DA:125,1
LF:51
LH:45
BRDA:21,0,0,3
BRDA:21,0,1,0
BRDA:22,1,0,3
BRDA:22,1,1,0
BRDA:30,2,0,1
BRDA:30,2,1,1
BRDA:46,3,0,0
BRDA:46,3,1,3
BRDA:52,4,0,1
BRDA:52,4,1,2
BRDA:68,5,0,1
BRDA:68,5,1,1
BRDA:83,6,0,0
BRDA:83,6,1,3
BRDA:89,7,0,1
BRDA:89,7,1,2
BRDA:100,8,0,1
BRDA:100,8,1,1
BRDA:110,9,0,0
BRDA:110,9,1,2
BRDA:120,10,0,1
BRDA:120,10,1,1
BRF:22
BRH:17
end_of_record
TN:
SF:src/routes/people.ts
FN:16,(anonymous_0)
FN:51,(anonymous_1)
FN:62,(anonymous_2)
FN:78,(anonymous_3)
FN:105,(anonymous_4)
FN:125,(anonymous_5)
FN:172,(anonymous_6)
FN:187,(anonymous_7)
FN:201,(anonymous_8)
FN:204,(anonymous_9)
FN:205,(anonymous_10)
FN:209,(anonymous_11)
FN:213,(anonymous_12)
FNF:13
FNH:12
FNDA:5,(anonymous_0)
FNDA:4,(anonymous_1)
FNDA:3,(anonymous_2)
FNDA:2,(anonymous_3)
FNDA:2,(anonymous_4)
FNDA:6,(anonymous_5)
FNDA:1,(anonymous_6)
FNDA:0,(anonymous_7)
FNDA:2,(anonymous_8)
FNDA:2,(anonymous_9)
FNDA:1,(anonymous_10)
FNDA:2,(anonymous_11)
FNDA:1,(anonymous_12)
DA:14,7
DA:16,7
DA:17,5
DA:18,5
DA:19,1
DA:20,1
DA:23,4
DA:25,4
DA:26,4
DA:28,4
DA:31,4
DA:32,1
DA:33,1
DA:34,0
DA:38,1
DA:42,3
DA:43,1
DA:45,2
DA:48,4
DA:51,7
DA:52,4
DA:53,4
DA:54,3
DA:55,3
DA:58,1
DA:59,1
DA:62,7
DA:63,3
DA:64,3
DA:65,1
DA:66,1
DA:69,2
DA:70,2
DA:71,1
DA:72,1
DA:75,1
DA:78,7
DA:79,2
DA:80,2
DA:81,0
DA:82,0
DA:85,2
DA:86,2
DA:87,0
DA:88,0
DA:91,2
DA:97,2
DA:98,1
DA:99,1
DA:102,1
DA:105,7
DA:106,2
DA:107,2
DA:108,0
DA:109,0
DA:112,2
DA:117,2
DA:118,1
DA:119,1
DA:122,1
DA:125,7
DA:126,6
DA:127,6
DA:128,1
DA:129,1
DA:132,5
DA:133,5
DA:134,1
DA:135,1
DA:139,4
DA:167,4
DA:172,4
DA:173,4
DA:174,4
DA:175,1
DA:185,1
DA:186,0
DA:187,0
DA:192,4
DA:193,4
DA:194,2
DA:196,4
DA:197,1
DA:200,4
DA:201,2
DA:204,6
DA:205,6
DA:207,6
DA:209,2
DA:213,1
LF:90
LH:81
BRDA:18,0,0,1
BRDA:18,0,1,4
BRDA:26,1,0,1
BRDA:26,1,1,3
BRDA:31,2,0,1
BRDA:31,2,1,3
BRDA:33,3,0,0
BRDA:33,3,1,1
BRDA:42,4,0,1
BRDA:42,4,1,2
BRDA:53,5,0,3
BRDA:53,5,1,1
BRDA:64,6,0,1
BRDA:64,6,1,2
BRDA:70,7,0,1
BRDA:70,7,1,1
BRDA:80,8,0,0
BRDA:80,8,1,2
BRDA:86,9,0,0
BRDA:86,9,1,2
BRDA:97,10,0,1
BRDA:97,10,1,1
BRDA:107,11,0,0
BRDA:107,11,1,2
BRDA:117,12,0,1
BRDA:117,12,1,1
BRDA:127,13,0,1
BRDA:127,13,1,5
BRDA:133,14,0,1
BRDA:133,14,1,4
BRDA:174,15,0,1
BRDA:174,15,1,3
BRDA:179,16,0,1
BRDA:179,16,1,0
BRDA:185,17,0,0
BRDA:185,17,1,1
BRDA:194,18,0,1
BRDA:194,18,1,1
BRDA:197,19,0,1
BRDA:197,19,1,0
BRDA:197,20,0,1
BRDA:197,20,1,1
BRDA:200,21,0,2
BRDA:200,21,1,2
BRF:44
BRH:37
end_of_record
TN:
SF:src/routes/suggestions.ts
FN:23,getDaysSinceLastInPersonEvent
FN:31,(anonymous_1)
FN:36,getLastTouchpoint
FN:51,(anonymous_3)
FN:56,(anonymous_4)
FN:57,(anonymous_5)
FN:60,(anonymous_6)
FN:68,(anonymous_7)
FN:74,(anonymous_8)
FN:90,(anonymous_9)
FN:103,(anonymous_10)
FN:108,(anonymous_11)
FN:108,(anonymous_12)
FN:112,(anonymous_13)
FN:132,(anonymous_14)
FN:134,(anonymous_15)
FN:141,(anonymous_16)
FN:145,(anonymous_17)
FN:153,(anonymous_18)
FN:159,(anonymous_19)
FN:163,(anonymous_20)
FNF:21
FNH:12
FNDA:1,getDaysSinceLastInPersonEvent
FNDA:0,(anonymous_1)
FNDA:1,getLastTouchpoint
FNDA:0,(anonymous_3)
FNDA:0,(anonymous_4)
FNDA:0,(anonymous_5)
FNDA:0,(anonymous_6)
FNDA:0,(anonymous_7)
FNDA:2,(anonymous_8)
FNDA:1,(anonymous_9)
FNDA:0,(anonymous_10)
FNDA:1,(anonymous_11)
FNDA:0,(anonymous_12)
FNDA:1,(anonymous_13)
FNDA:0,(anonymous_14)
FNDA:1,(anonymous_15)
FNDA:1,(anonymous_16)
FNDA:2,(anonymous_17)
FNDA:1,(anonymous_18)
FNDA:1,(anonymous_19)
FNDA:1,(anonymous_20)
DA:21,7
DA:24,1
DA:30,1
DA:31,0
DA:32,0
DA:33,0
DA:40,1
DA:46,1
DA:51,1
DA:52,1
DA:53,1
DA:54,0
DA:55,0
DA:56,0
DA:57,0
DA:60,1
DA:65,1
DA:66,1
DA:68,0
DA:69,0
DA:70,0
DA:71,0
DA:74,7
DA:75,2
DA:77,2
DA:84,2
DA:89,2
DA:92,1
DA:99,1
DA:103,1
DA:106,1
DA:107,1
DA:108,1
DA:111,1
DA:113,1
DA:114,1
DA:115,1
DA:125,1
DA:127,1
DA:132,0
DA:134,1
DA:141,2
DA:142,2
DA:145,7
DA:146,2
DA:147,2
DA:152,2
DA:154,1
DA:155,1
DA:159,2
DA:161,2
DA:163,2
DA:174,2
LF:53
LH:41
BRDA:30,0,0,1
BRDA:30,0,1,0
BRDA:53,1,0,0
BRDA:53,1,1,1
BRDA:56,2,0,0
BRDA:56,2,1,0
BRDA:66,3,0,1
BRDA:66,3,1,0
BRDA:117,4,0,0
BRDA:117,4,1,1
BRDA:141,5,0,1
BRDA:141,5,1,0
BRDA:168,6,0,1
BRDA:168,6,1,0
BRF:14
BRH:6
end_of_record
TN:
SF:src/routes/virtualMeetings.ts
FN:25,(anonymous_0)
FN:28,meetingWithMeta
FN:47,(anonymous_2)
FN:66,(anonymous_3)
FN:83,(anonymous_4)
FN:103,(anonymous_5)
FN:138,(anonymous_6)
FN:159,(anonymous_7)
FN:172,(anonymous_8)
FN:175,(anonymous_9)
FN:196,(anonymous_10)
FNF:11
FNH:9
FNDA:0,(anonymous_0)
FNDA:4,meetingWithMeta
FNDA:3,(anonymous_2)
FNDA:3,(anonymous_3)
FNDA:3,(anonymous_4)
FNDA:3,(anonymous_5)
FNDA:2,(anonymous_6)
FNDA:1,(anonymous_7)
FNDA:0,(anonymous_8)
FNDA:2,(anonymous_9)
FNDA:1,(anonymous_10)
DA:22,7
DA:25,7
DA:26,0
DA:29,4
DA:34,4
DA:35,4
DA:36,0
DA:37,0
DA:40,4
DA:47,7
DA:48,3
DA:49,3
DA:50,1
DA:51,1
DA:54,2
DA:62,1
DA:63,2
DA:66,7
DA:67,3
DA:68,3
DA:69,2
DA:70,2
DA:73,1
DA:80,1
DA:83,7
DA:84,3
DA:85,3
DA:86,1
DA:87,1
DA:90,2
DA:95,2
DA:96,1
DA:97,1
DA:100,1
DA:103,7
DA:104,3
DA:105,3
DA:106,0
DA:107,0
DA:110,3
DA:111,3
DA:112,1
DA:113,1
DA:116,2
DA:117,2
DA:124,3
DA:130,2
DA:131,1
DA:132,1
DA:135,1
DA:138,7
DA:139,2
DA:140,2
DA:141,0
DA:142,0
DA:145,2
DA:150,2
DA:151,1
DA:152,1
DA:155,1
DA:159,7
DA:160,1
DA:161,1
DA:162,0
DA:163,0
DA:166,1
DA:172,1
DA:175,7
DA:176,2
DA:177,2
DA:178,0
DA:179,0
DA:182,2
DA:183,2
DA:184,1
DA:185,1
DA:188,1
DA:193,1
DA:196,7
DA:197,1
DA:198,1
DA:199,0
DA:200,0
DA:203,1
DA:212,1
LF:85
LH:72
BRDA:26,0,0,0
BRDA:26,0,1,0
BRDA:35,1,0,0
BRDA:35,1,1,4
BRDA:37,2,0,0
BRDA:37,2,1,0
BRDA:49,3,0,1
BRDA:49,3,1,2
BRDA:54,4,0,1
BRDA:54,4,1,1
BRDA:68,5,0,2
BRDA:68,5,1,1
BRDA:77,6,0,0
BRDA:77,6,1,1
BRDA:85,7,0,1
BRDA:85,7,1,2
BRDA:95,8,0,1
BRDA:95,8,1,1
BRDA:105,9,0,0
BRDA:105,9,1,3
BRDA:111,10,0,1
BRDA:111,10,1,2
BRDA:119,11,0,0
BRDA:119,11,1,2
BRDA:120,12,0,0
BRDA:120,12,1,0
BRDA:130,13,0,1
BRDA:130,13,1,1
BRDA:140,14,0,0
BRDA:140,14,1,2
BRDA:150,15,0,1
BRDA:150,15,1,1
BRDA:161,16,0,0
BRDA:161,16,1,1
BRDA:177,17,0,0
BRDA:177,17,1,2
BRDA:183,18,0,1
BRDA:183,18,1,1
BRDA:198,19,0,0
BRDA:198,19,1,1
BRF:40
BRH:26
end_of_record
